<?xml version="1.0" encoding="UTF-8"?>
<!-- Generated by org.testng.reporters.JUnitReportReporter -->
<testsuite skipped="0" hostname="Aynagozels-Air" name="com.practice.PropertyFileReading" tests="1" failures="0" timestamp="2020-03-30T18:42:42 CDT" time="0.012" errors="0">
  <testcase name="read" time="0.012" classname="com.practice.PropertyFileReading"/>
</testsuite> <!-- com.practice.PropertyFileReading -->
