<?xml version="1.0" encoding="UTF-8"?>
<!-- Generated by org.testng.reporters.JUnitReportReporter -->
<testsuite skipped="0" hostname="Aynagozels-Air" name="com.practice.TimeStamp" tests="1" failures="0" timestamp="2020-03-30T18:43:04 CDT" time="0.046" errors="0">
  <testcase name="getTime" time="0.046" classname="com.practice.TimeStamp"/>
</testsuite> <!-- com.practice.TimeStamp -->
