<?xml version="1.0" encoding="UTF-8"?>
<!-- Generated by org.testng.reporters.JUnitReportReporter -->
<testsuite skipped="0" hostname="Aynagozels-Air" name="com.hrms.testcases.LeaveListPageTest" tests="1" failures="0" timestamp="2020-03-31T18:15:42 CDT" time="13.329" errors="0">
  <testcase name="leaveLabelvalidation" time="13.329" classname="com.hrms.testcases.LeaveListPageTest"/>
</testsuite> <!-- com.hrms.testcases.LeaveListPageTest -->
