<?xml version="1.0" encoding="UTF-8"?>
<!-- Generated by org.testng.reporters.JUnitReportReporter -->
<testsuite skipped="0" hostname="Aynagozels-Air" name="com.practice.Testing" tests="1" failures="0" timestamp="2020-03-30T18:36:13 CDT" time="0.012" errors="0">
  <testcase name="testing" time="0.012" classname="com.practice.Testing"/>
</testsuite> <!-- com.practice.Testing -->
