<?xml version="1.0" encoding="UTF-8"?>
<!-- Generated by org.testng.reporters.JUnitReportReporter -->
<testsuite skipped="0" hostname="Aynagozels-Air" name="com.practice.XlRecap" tests="1" failures="0" timestamp="2020-03-30T18:43:57 CDT" time="0.661" errors="0">
  <testcase name="read" time="0.661" classname="com.practice.XlRecap"/>
</testsuite> <!-- com.practice.XlRecap -->
